<?xml version="1.0" encoding="UTF-8"?>
<!-- Generated by org.testng.reporters.JUnitXMLReporter -->
<testsuite ignored="4" hostname="LAPTOP-ONCE98CT" failures="0" tests="6" name="Test2" time="0.556" errors="0" timestamp="2023-11-21T18:10:13 IST">
  <testcase classname="practiceTestNg.SampleTest" name="sample1_Test" time="0.001">
    <skipped/>
  </testcase> <!-- sample1_Test -->
  <testcase classname="practiceTestNg.SampleTest" name="sample2_Test" time="0.0">
    <skipped/>
  </testcase> <!-- sample2_Test -->
  <testcase classname="practiceTestNg.DemoTest" name="demo3_Test" time="0.002">
    <skipped/>
  </testcase> <!-- demo3_Test -->
  <testcase classname="practiceTestNg.DemoTest" name="demo4_Test" time="0.0">
    <skipped/>
  </testcase> <!-- demo4_Test -->
  <testcase classname="practiceTestNg.PracticeTest" name="practice5_Test" time="0.001">
    <skipped/>
  </testcase> <!-- practice5_Test -->
  <testcase classname="practiceTestNg.PracticeTest" name="practice6_Test" time="0.0">
    <skipped/>
  </testcase> <!-- practice6_Test -->
  <testcase classname="com.onlinebanking.GenericUtils.BaseClass" name="@AfterSuite config_AS" time="0.0">
    <ignored/>
  </testcase> <!-- @AfterSuite config_AS -->
  <testcase classname="com.onlinebanking.GenericUtils.BaseClass" name="@BeforeSuite config_BS" time="0.0">
    <ignored/>
  </testcase> <!-- @BeforeSuite config_BS -->
  <testcase classname="com.onlinebanking.GenericUtils.BaseClass" name="@BeforeSuite config_BS" time="0.0">
    <ignored/>
  </testcase> <!-- @BeforeSuite config_BS -->
  <testcase classname="com.onlinebanking.GenericUtils.BaseClass" name="@AfterSuite config_AS" time="0.0">
    <ignored/>
  </testcase> <!-- @AfterSuite config_AS -->
</testsuite> <!-- Test2 -->
