<?xml version="1.0" encoding="UTF-8"?>
<!-- Generated by org.testng.reporters.JUnitXMLReporter -->
<testsuite ignored="4" hostname="LAPTOP-ONCE98CT" failures="0" tests="6" name="Test1" time="0.529" errors="0" timestamp="2023-11-21T18:10:13 IST">
  <testcase classname="com.onlinebanking.GenericUtils.BaseClass" name="@BeforeSuite config_BS" time="0.084">
    <failure type="java.sql.SQLException" message="No suitable driver found for ">
      <![CDATA[java.sql.SQLException: No suitable driver found for 
at java.sql/java.sql.DriverManager.getConnection(DriverManager.java:706)
at java.sql/java.sql.DriverManager.getConnection(DriverManager.java:229)
at com.onlinebanking.GenericUtils.DatabaseUtils.connectDB(DatabaseUtils.java:16)
at com.onlinebanking.GenericUtils.BaseClass.config_BS(BaseClass.java:22)
... Removed 19 stack frames]]>
    </failure>
  </testcase> <!-- @BeforeSuite config_BS -->
  <testcase classname="com.onlinebanking.GenericUtils.BaseClass" name="@BeforeClass config_BM" time="0.0">
    <skipped/>
  </testcase> <!-- @BeforeClass config_BM -->
  <testcase classname="com.onlinebanking.GenericUtils.BaseClass" name="@BeforeClass config_Bc" time="0.0">
    <skipped/>
  </testcase> <!-- @BeforeClass config_Bc -->
  <testcase classname="com.onlinebanking.GenericUtils.BaseClass" name="@BeforeClass config_BM" time="0.0">
    <skipped/>
  </testcase> <!-- @BeforeClass config_BM -->
  <testcase classname="com.onlinebanking.GenericUtils.BaseClass" name="@BeforeClass config_Bc" time="0.0">
    <skipped/>
  </testcase> <!-- @BeforeClass config_Bc -->
  <testcase classname="com.onlinebanking.GenericUtils.BaseClass" name="@AfterMethod config_AM" time="0.0">
    <skipped/>
  </testcase> <!-- @AfterMethod config_AM -->
  <testcase classname="com.onlinebanking.GenericUtils.BaseClass" name="@AfterMethod config_AM" time="0.0">
    <skipped/>
  </testcase> <!-- @AfterMethod config_AM -->
  <testcase classname="com.onlinebanking.GenericUtils.BaseClass" name="@AfterMethod config_AM" time="0.0">
    <skipped/>
  </testcase> <!-- @AfterMethod config_AM -->
  <testcase classname="com.onlinebanking.GenericUtils.BaseClass" name="@AfterClass config_AC" time="0.0">
    <skipped/>
  </testcase> <!-- @AfterClass config_AC -->
  <testcase classname="com.onlinebanking.GenericUtils.BaseClass" name="@AfterMethod config_AM" time="0.0">
    <skipped/>
  </testcase> <!-- @AfterMethod config_AM -->
  <testcase classname="com.onlinebanking.GenericUtils.BaseClass" name="@AfterClass config_AC" time="0.0">
    <skipped/>
  </testcase> <!-- @AfterClass config_AC -->
  <testcase classname="com.onlinebanking.GenericUtils.BaseClass" name="@BeforeClass config_BM" time="0.0">
    <skipped/>
  </testcase> <!-- @BeforeClass config_BM -->
  <testcase classname="com.onlinebanking.GenericUtils.BaseClass" name="@BeforeClass config_BM" time="0.0">
    <skipped/>
  </testcase> <!-- @BeforeClass config_BM -->
  <testcase classname="com.onlinebanking.GenericUtils.BaseClass" name="@BeforeClass config_Bc" time="0.0">
    <skipped/>
  </testcase> <!-- @BeforeClass config_Bc -->
  <testcase classname="com.onlinebanking.GenericUtils.BaseClass" name="@BeforeClass config_Bc" time="0.0">
    <skipped/>
  </testcase> <!-- @BeforeClass config_Bc -->
  <testcase classname="com.onlinebanking.GenericUtils.BaseClass" name="@AfterMethod config_AM" time="0.0">
    <skipped/>
  </testcase> <!-- @AfterMethod config_AM -->
  <testcase classname="com.onlinebanking.GenericUtils.BaseClass" name="@AfterMethod config_AM" time="0.0">
    <skipped/>
  </testcase> <!-- @AfterMethod config_AM -->
  <testcase classname="com.onlinebanking.GenericUtils.BaseClass" name="@AfterClass config_AC" time="0.0">
    <skipped/>
  </testcase> <!-- @AfterClass config_AC -->
  <testcase classname="com.onlinebanking.GenericUtils.BaseClass" name="@BeforeClass config_BM" time="0.0">
    <skipped/>
  </testcase> <!-- @BeforeClass config_BM -->
  <testcase classname="com.onlinebanking.GenericUtils.BaseClass" name="@AfterMethod config_AM" time="0.0">
    <skipped/>
  </testcase> <!-- @AfterMethod config_AM -->
  <testcase classname="com.onlinebanking.GenericUtils.BaseClass" name="@AfterMethod config_AM" time="0.0">
    <skipped/>
  </testcase> <!-- @AfterMethod config_AM -->
  <testcase classname="com.onlinebanking.GenericUtils.BaseClass" name="@AfterClass config_AC" time="0.0">
    <skipped/>
  </testcase> <!-- @AfterClass config_AC -->
  <testcase classname="com.onlinebanking.GenericUtils.BaseClass" name="@BeforeClass config_BM" time="0.0">
    <skipped/>
  </testcase> <!-- @BeforeClass config_BM -->
  <testcase classname="com.onlinebanking.GenericUtils.BaseClass" name="@BeforeClass config_Bc" time="0.0">
    <skipped/>
  </testcase> <!-- @BeforeClass config_Bc -->
  <testcase classname="com.onlinebanking.GenericUtils.BaseClass" name="@BeforeClass config_Bc" time="0.0">
    <skipped/>
  </testcase> <!-- @BeforeClass config_Bc -->
  <testcase classname="com.onlinebanking.GenericUtils.BaseClass" name="@AfterMethod config_AM" time="0.0">
    <skipped/>
  </testcase> <!-- @AfterMethod config_AM -->
  <testcase classname="com.onlinebanking.GenericUtils.BaseClass" name="@AfterMethod config_AM" time="0.0">
    <skipped/>
  </testcase> <!-- @AfterMethod config_AM -->
  <testcase classname="com.onlinebanking.GenericUtils.BaseClass" name="@AfterMethod config_AM" time="0.0">
    <skipped/>
  </testcase> <!-- @AfterMethod config_AM -->
  <testcase classname="com.onlinebanking.GenericUtils.BaseClass" name="@AfterClass config_AC" time="0.0">
    <skipped/>
  </testcase> <!-- @AfterClass config_AC -->
  <testcase classname="com.onlinebanking.GenericUtils.BaseClass" name="@AfterMethod config_AM" time="0.0">
    <skipped/>
  </testcase> <!-- @AfterMethod config_AM -->
  <testcase classname="com.onlinebanking.GenericUtils.BaseClass" name="@AfterClass config_AC" time="0.0">
    <skipped/>
  </testcase> <!-- @AfterClass config_AC -->
  <testcase classname="practiceTestNg.SampleTest" name="sample1_Test" time="0.001">
    <skipped/>
  </testcase> <!-- sample1_Test -->
  <testcase classname="practiceTestNg.SampleTest" name="sample2_Test" time="0.0">
    <skipped/>
  </testcase> <!-- sample2_Test -->
  <testcase classname="practiceTestNg.DemoTest" name="demo3_Test" time="0.003">
    <skipped/>
  </testcase> <!-- demo3_Test -->
  <testcase classname="practiceTestNg.DemoTest" name="demo4_Test" time="0.0">
    <skipped/>
  </testcase> <!-- demo4_Test -->
  <testcase classname="practiceTestNg.PracticeTest" name="practice5_Test" time="0.0">
    <skipped/>
  </testcase> <!-- practice5_Test -->
  <testcase classname="practiceTestNg.PracticeTest" name="practice6_Test" time="0.0">
    <skipped/>
  </testcase> <!-- practice6_Test -->
  <testcase classname="com.onlinebanking.GenericUtils.BaseClass" name="@BeforeSuite config_BS" time="0.0">
    <ignored/>
  </testcase> <!-- @BeforeSuite config_BS -->
  <testcase classname="com.onlinebanking.GenericUtils.BaseClass" name="@AfterSuite config_AS" time="0.0">
    <ignored/>
  </testcase> <!-- @AfterSuite config_AS -->
  <testcase classname="com.onlinebanking.GenericUtils.BaseClass" name="@BeforeSuite config_BS" time="0.0">
    <ignored/>
  </testcase> <!-- @BeforeSuite config_BS -->
  <testcase classname="com.onlinebanking.GenericUtils.BaseClass" name="@AfterSuite config_AS" time="0.0">
    <ignored/>
  </testcase> <!-- @AfterSuite config_AS -->
</testsuite> <!-- Test1 -->
